<?xml version="1.0" encoding="UTF-8"?>
<testsuite xmlns:xsi="http://www.w3.org/2001/XMLSchema-instance" xsi:noNamespaceSchemaLocation="https://maven.apache.org/surefire/maven-surefire-plugin/xsd/surefire-test-report.xsd" version="3.0.2" name="tests.UserTest" time="6.749" tests="4" errors="0" skipped="0" failures="0">
  <properties>
[...]
</properties>
  <testcase name="testAtualizarUsuario" classname="tests.UserTest" time="1.28"/>
  <testcase name="testCriarUsuarioComSucesso" classname="tests.UserTest" time="0.582"/>
  <testcase name="testListarUsuarios" classname="tests.UserTest" time="0.813"/>
  <testcase name="testExcluirUsuario" classname="tests.UserTest" time="2.261"/>
</testsuite>